[2020-03-10 14:03:45,894] INFO [Controller id=0] Processing automatic preferred replica leader election (kafka.controller.KafkaController)
[2020-03-10 14:03:45,895] TRACE [Controller id=0] Checking need to trigger auto leader balancing (kafka.controller.KafkaController)
[2020-03-10 14:03:45,896] DEBUG [Controller id=0] Preferred replicas by broker Map(0 -> Map(test-0 -> Vector(0))) (kafka.controller.KafkaController)
[2020-03-10 14:03:45,896] DEBUG [Controller id=0] Topics not in preferred replica for broker 0 Map() (kafka.controller.KafkaController)
[2020-03-10 14:03:45,896] TRACE [Controller id=0] Leader imbalance ratio for broker 0 is 0.0 (kafka.controller.KafkaController)
[2020-03-10 14:08:45,896] INFO [Controller id=0] Processing automatic preferred replica leader election (kafka.controller.KafkaController)
[2020-03-10 14:08:45,897] TRACE [Controller id=0] Checking need to trigger auto leader balancing (kafka.controller.KafkaController)
[2020-03-10 14:08:45,897] DEBUG [Controller id=0] Preferred replicas by broker Map(0 -> Map(test-0 -> Vector(0))) (kafka.controller.KafkaController)
[2020-03-10 14:08:45,897] DEBUG [Controller id=0] Topics not in preferred replica for broker 0 Map() (kafka.controller.KafkaController)
[2020-03-10 14:08:45,897] TRACE [Controller id=0] Leader imbalance ratio for broker 0 is 0.0 (kafka.controller.KafkaController)
[2020-03-10 14:10:13,261] INFO [Controller id=0] Newly added brokers: 1, deleted brokers: , bounced brokers: , all live brokers: 0,1 (kafka.controller.KafkaController)
[2020-03-10 14:10:13,261] DEBUG [Channel manager on controller 0]: Controller 0 trying to connect to broker 1 (kafka.controller.ControllerChannelManager)
[2020-03-10 14:10:13,265] INFO [RequestSendThread controllerId=0] Starting (kafka.controller.RequestSendThread)
[2020-03-10 14:10:13,266] INFO [Controller id=0] New broker startup callback for 1 (kafka.controller.KafkaController)
[2020-03-10 14:10:13,268] INFO [RequestSendThread controllerId=0] Controller 0 connected to salty-NUC8i7BEH:9092 (id: 0 rack: null) for sending state change requests (kafka.controller.RequestSendThread)
[2020-03-10 14:10:13,269] INFO [RequestSendThread controllerId=0] Controller 0 connected to salty-NUC8i7BEH:9093 (id: 1 rack: null) for sending state change requests (kafka.controller.RequestSendThread)
[2020-03-10 14:10:13,270] DEBUG [Controller id=0] Register BrokerModifications handler for Vector(1) (kafka.controller.KafkaController)
[2020-03-10 14:10:13,271] INFO [Controller id=0] Updated broker epochs cache: Map(0 -> 24, 1 -> 49) (kafka.controller.KafkaController)
[2020-03-10 14:10:13,300] INFO [ControllerEventThread controllerId=1] Starting (kafka.controller.ControllerEventManager$ControllerEventThread)
[2020-03-10 14:10:13,307] DEBUG [Controller id=1] Broker 0 has been elected as the controller, so stopping the election process. (kafka.controller.KafkaController)
[2020-03-10 14:10:36,157] INFO [Controller id=0] Newly added brokers: 2, deleted brokers: , bounced brokers: , all live brokers: 0,1,2 (kafka.controller.KafkaController)
[2020-03-10 14:10:36,157] DEBUG [Channel manager on controller 0]: Controller 0 trying to connect to broker 2 (kafka.controller.ControllerChannelManager)
[2020-03-10 14:10:36,160] INFO [Controller id=0] New broker startup callback for 2 (kafka.controller.KafkaController)
[2020-03-10 14:10:36,162] INFO [RequestSendThread controllerId=0] Starting (kafka.controller.RequestSendThread)
[2020-03-10 14:10:36,162] INFO [RequestSendThread controllerId=0] Controller 0 connected to salty-NUC8i7BEH:9094 (id: 2 rack: null) for sending state change requests (kafka.controller.RequestSendThread)
[2020-03-10 14:10:36,163] DEBUG [Controller id=0] Register BrokerModifications handler for Vector(2) (kafka.controller.KafkaController)
[2020-03-10 14:10:36,165] INFO [Controller id=0] Updated broker epochs cache: Map(0 -> 24, 1 -> 49, 2 -> 65) (kafka.controller.KafkaController)
[2020-03-10 14:10:36,195] INFO [ControllerEventThread controllerId=2] Starting (kafka.controller.ControllerEventManager$ControllerEventThread)
[2020-03-10 14:10:36,203] DEBUG [Controller id=2] Broker 0 has been elected as the controller, so stopping the election process. (kafka.controller.KafkaController)
[2020-03-10 14:10:59,348] INFO [Controller id=0] New topics: [Set(my-replicated-topic)], deleted topics: [Set()], new partition replica assignment [Map(my-replicated-topic-0 -> ReplicaAssignment(replicas=2,0,1, addingReplicas=, removingReplicas=))] (kafka.controller.KafkaController)
[2020-03-10 14:10:59,348] INFO [Controller id=0] New partition creation callback for my-replicated-topic-0 (kafka.controller.KafkaController)
[2020-03-10 14:13:45,897] INFO [Controller id=0] Processing automatic preferred replica leader election (kafka.controller.KafkaController)
[2020-03-10 14:13:45,898] TRACE [Controller id=0] Checking need to trigger auto leader balancing (kafka.controller.KafkaController)
[2020-03-10 14:13:45,898] DEBUG [Controller id=0] Preferred replicas by broker Map(2 -> Map(my-replicated-topic-0 -> Vector(2, 0, 1)), 0 -> Map(test-0 -> Vector(0))) (kafka.controller.KafkaController)
[2020-03-10 14:13:45,898] DEBUG [Controller id=0] Topics not in preferred replica for broker 2 Map() (kafka.controller.KafkaController)
[2020-03-10 14:13:45,898] TRACE [Controller id=0] Leader imbalance ratio for broker 2 is 0.0 (kafka.controller.KafkaController)
[2020-03-10 14:13:45,898] DEBUG [Controller id=0] Topics not in preferred replica for broker 0 Map() (kafka.controller.KafkaController)
[2020-03-10 14:13:45,898] TRACE [Controller id=0] Leader imbalance ratio for broker 0 is 0.0 (kafka.controller.KafkaController)
[2020-03-10 14:14:55,299] INFO [Controller id=0] New topics: [Set(__consumer_offsets)], deleted topics: [Set()], new partition replica assignment [Map(__consumer_offsets-22 -> ReplicaAssignment(replicas=1, addingReplicas=, removingReplicas=), __consumer_offsets-30 -> ReplicaAssignment(replicas=0, addingReplicas=, removingReplicas=), __consumer_offsets-8 -> ReplicaAssignment(replicas=2, addingReplicas=, removingReplicas=), __consumer_offsets-21 -> ReplicaAssignment(replicas=0, addingReplicas=, removingReplicas=), __consumer_offsets-4 -> ReplicaAssignment(replicas=1, addingReplicas=, removingReplicas=), __consumer_offsets-27 -> ReplicaAssignment(replicas=0, addingReplicas=, removingReplicas=), __consumer_offsets-7 -> ReplicaAssignment(replicas=1, addingReplicas=, removingReplicas=), __consumer_offsets-9 -> ReplicaAssignment(replicas=0, addingReplicas=, removingReplicas=), __consumer_offsets-46 -> ReplicaAssignment(replicas=1, addingReplicas=, removingReplicas=), __consumer_offsets-25 -> ReplicaAssignment(replicas=1, addingReplicas=, removingReplicas=), __consumer_offsets-35 -> ReplicaAssignment(replicas=2, addingReplicas=, removingReplicas=), __consumer_offsets-41 -> ReplicaAssignment(replicas=2, addingReplicas=, removingReplicas=), __consumer_offsets-33 -> ReplicaAssignment(replicas=0, addingReplicas=, removingReplicas=), __consumer_offsets-23 -> ReplicaAssignment(replicas=2, addingReplicas=, removingReplicas=), __consumer_offsets-49 -> ReplicaAssignment(replicas=1, addingReplicas=, removingReplicas=), __consumer_offsets-47 -> ReplicaAssignment(replicas=2, addingReplicas=, removingReplicas=), __consumer_offsets-16 -> ReplicaAssignment(replicas=1, addingReplicas=, removingReplicas=), __consumer_offsets-28 -> ReplicaAssignment(replicas=1, addingReplicas=, removingReplicas=), __consumer_offsets-31 -> ReplicaAssignment(replicas=1, addingReplicas=, removingReplicas=), __consumer_offsets-36 -> ReplicaAssignment(replicas=0, addingReplicas=, removingReplicas=), __consumer_offsets-42 -> ReplicaAssignment(replicas=0, addingReplicas=, removingReplicas=), __consumer_offsets-3 -> ReplicaAssignment(replicas=0, addingReplicas=, removingReplicas=), __consumer_offsets-18 -> ReplicaAssignment(replicas=0, addingReplicas=, removingReplicas=), __consumer_offsets-37 -> ReplicaAssignment(replicas=1, addingReplicas=, removingReplicas=), __consumer_offsets-15 -> ReplicaAssignment(replicas=0, addingReplicas=, removingReplicas=), __consumer_offsets-24 -> ReplicaAssignment(replicas=0, addingReplicas=, removingReplicas=), __consumer_offsets-38 -> ReplicaAssignment(replicas=2, addingReplicas=, removingReplicas=), __consumer_offsets-17 -> ReplicaAssignment(replicas=2, addingReplicas=, removingReplicas=), __consumer_offsets-48 -> ReplicaAssignment(replicas=0, addingReplicas=, removingReplicas=), __consumer_offsets-19 -> ReplicaAssignment(replicas=1, addingReplicas=, removingReplicas=), __consumer_offsets-11 -> ReplicaAssignment(replicas=2, addingReplicas=, removingReplicas=), __consumer_offsets-13 -> ReplicaAssignment(replicas=1, addingReplicas=, removingReplicas=), __consumer_offsets-2 -> ReplicaAssignment(replicas=2, addingReplicas=, removingReplicas=), __consumer_offsets-43 -> ReplicaAssignment(replicas=1, addingReplicas=, removingReplicas=), __consumer_offsets-6 -> ReplicaAssignment(replicas=0, addingReplicas=, removingReplicas=), __consumer_offsets-14 -> ReplicaAssignment(replicas=2, addingReplicas=, removingReplicas=), __consumer_offsets-20 -> ReplicaAssignment(replicas=2, addingReplicas=, removingReplicas=), __consumer_offsets-0 -> ReplicaAssignment(replicas=0, addingReplicas=, removingReplicas=), __consumer_offsets-44 -> ReplicaAssignment(replicas=2, addingReplicas=, removingReplicas=), __consumer_offsets-39 -> ReplicaAssignment(replicas=0, addingReplicas=, removingReplicas=), __consumer_offsets-12 -> ReplicaAssignment(replicas=0, addingReplicas=, removingReplicas=), __consumer_offsets-45 -> ReplicaAssignment(replicas=0, addingReplicas=, removingReplicas=), __consumer_offsets-1 -> ReplicaAssignment(replicas=1, addingReplicas=, removingReplicas=), __consumer_offsets-5 -> ReplicaAssignment(replicas=2, addingReplicas=, removingReplicas=), __consumer_offsets-26 -> ReplicaAssignment(replicas=2, addingReplicas=, removingReplicas=), __consumer_offsets-29 -> ReplicaAssignment(replicas=2, addingReplicas=, removingReplicas=), __consumer_offsets-34 -> ReplicaAssignment(replicas=1, addingReplicas=, removingReplicas=), __consumer_offsets-10 -> ReplicaAssignment(replicas=1, addingReplicas=, removingReplicas=), __consumer_offsets-32 -> ReplicaAssignment(replicas=2, addingReplicas=, removingReplicas=), __consumer_offsets-40 -> ReplicaAssignment(replicas=1, addingReplicas=, removingReplicas=))] (kafka.controller.KafkaController)
[2020-03-10 14:14:55,299] INFO [Controller id=0] New partition creation callback for __consumer_offsets-22,__consumer_offsets-30,__consumer_offsets-8,__consumer_offsets-21,__consumer_offsets-4,__consumer_offsets-27,__consumer_offsets-7,__consumer_offsets-9,__consumer_offsets-46,__consumer_offsets-25,__consumer_offsets-35,__consumer_offsets-41,__consumer_offsets-33,__consumer_offsets-23,__consumer_offsets-49,__consumer_offsets-47,__consumer_offsets-16,__consumer_offsets-28,__consumer_offsets-31,__consumer_offsets-36,__consumer_offsets-42,__consumer_offsets-3,__consumer_offsets-18,__consumer_offsets-37,__consumer_offsets-15,__consumer_offsets-24,__consumer_offsets-38,__consumer_offsets-17,__consumer_offsets-48,__consumer_offsets-19,__consumer_offsets-11,__consumer_offsets-13,__consumer_offsets-2,__consumer_offsets-43,__consumer_offsets-6,__consumer_offsets-14,__consumer_offsets-20,__consumer_offsets-0,__consumer_offsets-44,__consumer_offsets-39,__consumer_offsets-12,__consumer_offsets-45,__consumer_offsets-1,__consumer_offsets-5,__consumer_offsets-26,__consumer_offsets-29,__consumer_offsets-34,__consumer_offsets-10,__consumer_offsets-32,__consumer_offsets-40 (kafka.controller.KafkaController)
