[2020-03-10 14:10:13,460] TRACE [Broker id=1] Cached leader info UpdateMetadataPartitionState(topicName='test', partitionIndex=0, controllerEpoch=1, leader=0, leaderEpoch=0, isr=[0], zkVersion=0, replicas=[0], offlineReplicas=[]) for partition test-0 in response to UpdateMetadata request sent by controller 0 epoch 1 with correlation id 0 (state.change.logger)
[2020-03-10 14:10:36,355] TRACE [Broker id=2] Cached leader info UpdateMetadataPartitionState(topicName='test', partitionIndex=0, controllerEpoch=1, leader=0, leaderEpoch=0, isr=[0], zkVersion=0, replicas=[0], offlineReplicas=[]) for partition test-0 in response to UpdateMetadata request sent by controller 0 epoch 1 with correlation id 0 (state.change.logger)
[2020-03-10 14:10:59,355] TRACE [Broker id=1] Received LeaderAndIsr request LeaderAndIsrPartitionState(topicName='my-replicated-topic', partitionIndex=0, controllerEpoch=1, leader=2, leaderEpoch=0, isr=[2, 0, 1], zkVersion=0, replicas=[2, 0, 1], addingReplicas=[], removingReplicas=[], isNew=true) correlation id 2 from controller 0 epoch 1 (state.change.logger)
[2020-03-10 14:10:59,360] TRACE [Broker id=2] Received LeaderAndIsr request LeaderAndIsrPartitionState(topicName='my-replicated-topic', partitionIndex=0, controllerEpoch=1, leader=2, leaderEpoch=0, isr=[2, 0, 1], zkVersion=0, replicas=[2, 0, 1], addingReplicas=[], removingReplicas=[], isNew=true) correlation id 1 from controller 0 epoch 1 (state.change.logger)
[2020-03-10 14:10:59,370] TRACE [Broker id=1] Handling LeaderAndIsr request correlationId 2 from controller 0 epoch 1 starting the become-follower transition for partition my-replicated-topic-0 with leader 2 (state.change.logger)
[2020-03-10 14:10:59,373] TRACE [Broker id=2] Handling LeaderAndIsr request correlationId 1 from controller 0 epoch 1 starting the become-leader transition for partition my-replicated-topic-0 (state.change.logger)
[2020-03-10 14:10:59,440] TRACE [Broker id=1] Stopped fetchers as part of become-follower request from controller 0 epoch 1 with correlation id 2 for partition my-replicated-topic-0 with leader 2 (state.change.logger)
[2020-03-10 14:10:59,442] TRACE [Broker id=1] Truncated logs and checkpointed recovery boundaries for partition my-replicated-topic-0 as part of become-follower request with correlation id 2 from controller 0 epoch 1 with leader 2 (state.change.logger)
[2020-03-10 14:10:59,455] TRACE [Broker id=2] Stopped fetchers as part of become-leader request from controller 0 epoch 1 with correlation id 1 for partition my-replicated-topic-0 (last update controller epoch 1) (state.change.logger)
[2020-03-10 14:10:59,455] TRACE [Broker id=2] Completed LeaderAndIsr request correlationId 1 from controller 0 epoch 1 for the become-leader transition for partition my-replicated-topic-0 (state.change.logger)
[2020-03-10 14:10:59,463] TRACE [Broker id=1] Started fetcher to new leader as part of become-follower request from controller 0 epoch 1 with correlation id 2 for partition my-replicated-topic-0 with leader BrokerEndPoint(id=2, host=salty-NUC8i7BEH:9094) (state.change.logger)
[2020-03-10 14:10:59,464] TRACE [Broker id=1] Completed LeaderAndIsr request correlationId 2 from controller 0 epoch 1 for the become-follower transition for partition my-replicated-topic-0 with leader 2 (state.change.logger)
[2020-03-10 14:10:59,466] TRACE [Broker id=2] Cached leader info UpdateMetadataPartitionState(topicName='my-replicated-topic', partitionIndex=0, controllerEpoch=1, leader=2, leaderEpoch=0, isr=[2, 0, 1], zkVersion=0, replicas=[2, 0, 1], offlineReplicas=[]) for partition my-replicated-topic-0 in response to UpdateMetadata request sent by controller 0 epoch 1 with correlation id 2 (state.change.logger)
[2020-03-10 14:10:59,474] TRACE [Broker id=1] Cached leader info UpdateMetadataPartitionState(topicName='my-replicated-topic', partitionIndex=0, controllerEpoch=1, leader=2, leaderEpoch=0, isr=[2, 0, 1], zkVersion=0, replicas=[2, 0, 1], offlineReplicas=[]) for partition my-replicated-topic-0 in response to UpdateMetadata request sent by controller 0 epoch 1 with correlation id 3 (state.change.logger)
[2020-03-10 14:14:55,350] TRACE [Broker id=2] Received LeaderAndIsr request LeaderAndIsrPartitionState(topicName='__consumer_offsets', partitionIndex=38, controllerEpoch=1, leader=2, leaderEpoch=0, isr=[2], zkVersion=0, replicas=[2], addingReplicas=[], removingReplicas=[], isNew=true) correlation id 3 from controller 0 epoch 1 (state.change.logger)
[2020-03-10 14:14:55,350] TRACE [Broker id=2] Received LeaderAndIsr request LeaderAndIsrPartitionState(topicName='__consumer_offsets', partitionIndex=8, controllerEpoch=1, leader=2, leaderEpoch=0, isr=[2], zkVersion=0, replicas=[2], addingReplicas=[], removingReplicas=[], isNew=true) correlation id 3 from controller 0 epoch 1 (state.change.logger)
[2020-03-10 14:14:55,350] TRACE [Broker id=2] Received LeaderAndIsr request LeaderAndIsrPartitionState(topicName='__consumer_offsets', partitionIndex=2, controllerEpoch=1, leader=2, leaderEpoch=0, isr=[2], zkVersion=0, replicas=[2], addingReplicas=[], removingReplicas=[], isNew=true) correlation id 3 from controller 0 epoch 1 (state.change.logger)
[2020-03-10 14:14:55,350] TRACE [Broker id=2] Received LeaderAndIsr request LeaderAndIsrPartitionState(topicName='__consumer_offsets', partitionIndex=35, controllerEpoch=1, leader=2, leaderEpoch=0, isr=[2], zkVersion=0, replicas=[2], addingReplicas=[], removingReplicas=[], isNew=true) correlation id 3 from controller 0 epoch 1 (state.change.logger)
[2020-03-10 14:14:55,350] TRACE [Broker id=2] Received LeaderAndIsr request LeaderAndIsrPartitionState(topicName='__consumer_offsets', partitionIndex=5, controllerEpoch=1, leader=2, leaderEpoch=0, isr=[2], zkVersion=0, replicas=[2], addingReplicas=[], removingReplicas=[], isNew=true) correlation id 3 from controller 0 epoch 1 (state.change.logger)
[2020-03-10 14:14:55,350] TRACE [Broker id=2] Received LeaderAndIsr request LeaderAndIsrPartitionState(topicName='__consumer_offsets', partitionIndex=32, controllerEpoch=1, leader=2, leaderEpoch=0, isr=[2], zkVersion=0, replicas=[2], addingReplicas=[], removingReplicas=[], isNew=true) correlation id 3 from controller 0 epoch 1 (state.change.logger)
[2020-03-10 14:14:55,350] TRACE [Broker id=1] Received LeaderAndIsr request LeaderAndIsrPartitionState(topicName='__consumer_offsets', partitionIndex=49, controllerEpoch=1, leader=1, leaderEpoch=0, isr=[1], zkVersion=0, replicas=[1], addingReplicas=[], removingReplicas=[], isNew=true) correlation id 4 from controller 0 epoch 1 (state.change.logger)
[2020-03-10 14:14:55,350] TRACE [Broker id=2] Received LeaderAndIsr request LeaderAndIsrPartitionState(topicName='__consumer_offsets', partitionIndex=29, controllerEpoch=1, leader=2, leaderEpoch=0, isr=[2], zkVersion=0, replicas=[2], addingReplicas=[], removingReplicas=[], isNew=true) correlation id 3 from controller 0 epoch 1 (state.change.logger)
[2020-03-10 14:14:55,350] TRACE [Broker id=1] Received LeaderAndIsr request LeaderAndIsrPartitionState(topicName='__consumer_offsets', partitionIndex=16, controllerEpoch=1, leader=1, leaderEpoch=0, isr=[1], zkVersion=0, replicas=[1], addingReplicas=[], removingReplicas=[], isNew=true) correlation id 4 from controller 0 epoch 1 (state.change.logger)
[2020-03-10 14:14:55,350] TRACE [Broker id=2] Received LeaderAndIsr request LeaderAndIsrPartitionState(topicName='__consumer_offsets', partitionIndex=23, controllerEpoch=1, leader=2, leaderEpoch=0, isr=[2], zkVersion=0, replicas=[2], addingReplicas=[], removingReplicas=[], isNew=true) correlation id 3 from controller 0 epoch 1 (state.change.logger)
[2020-03-10 14:14:55,350] TRACE [Broker id=1] Received LeaderAndIsr request LeaderAndIsrPartitionState(topicName='__consumer_offsets', partitionIndex=19, controllerEpoch=1, leader=1, leaderEpoch=0, isr=[1], zkVersion=0, replicas=[1], addingReplicas=[], removingReplicas=[], isNew=true) correlation id 4 from controller 0 epoch 1 (state.change.logger)
[2020-03-10 14:14:55,350] TRACE [Broker id=2] Received LeaderAndIsr request LeaderAndIsrPartitionState(topicName='__consumer_offsets', partitionIndex=26, controllerEpoch=1, leader=2, leaderEpoch=0, isr=[2], zkVersion=0, replicas=[2], addingReplicas=[], removingReplicas=[], isNew=true) correlation id 3 from controller 0 epoch 1 (state.change.logger)
[2020-03-10 14:14:55,350] TRACE [Broker id=1] Received LeaderAndIsr request LeaderAndIsrPartitionState(topicName='__consumer_offsets', partitionIndex=13, controllerEpoch=1, leader=1, leaderEpoch=0, isr=[1], zkVersion=0, replicas=[1], addingReplicas=[], removingReplicas=[], isNew=true) correlation id 4 from controller 0 epoch 1 (state.change.logger)
[2020-03-10 14:14:55,350] TRACE [Broker id=2] Received LeaderAndIsr request LeaderAndIsrPartitionState(topicName='__consumer_offsets', partitionIndex=20, controllerEpoch=1, leader=2, leaderEpoch=0, isr=[2], zkVersion=0, replicas=[2], addingReplicas=[], removingReplicas=[], isNew=true) correlation id 3 from controller 0 epoch 1 (state.change.logger)
[2020-03-10 14:14:55,350] TRACE [Broker id=1] Received LeaderAndIsr request LeaderAndIsrPartitionState(topicName='__consumer_offsets', partitionIndex=46, controllerEpoch=1, leader=1, leaderEpoch=0, isr=[1], zkVersion=0, replicas=[1], addingReplicas=[], removingReplicas=[], isNew=true) correlation id 4 from controller 0 epoch 1 (state.change.logger)
[2020-03-10 14:14:55,350] TRACE [Broker id=1] Received LeaderAndIsr request LeaderAndIsrPartitionState(topicName='__consumer_offsets', partitionIndex=43, controllerEpoch=1, leader=1, leaderEpoch=0, isr=[1], zkVersion=0, replicas=[1], addingReplicas=[], removingReplicas=[], isNew=true) correlation id 4 from controller 0 epoch 1 (state.change.logger)
[2020-03-10 14:14:55,350] TRACE [Broker id=2] Received LeaderAndIsr request LeaderAndIsrPartitionState(topicName='__consumer_offsets', partitionIndex=17, controllerEpoch=1, leader=2, leaderEpoch=0, isr=[2], zkVersion=0, replicas=[2], addingReplicas=[], removingReplicas=[], isNew=true) correlation id 3 from controller 0 epoch 1 (state.change.logger)
[2020-03-10 14:14:55,350] TRACE [Broker id=1] Received LeaderAndIsr request LeaderAndIsrPartitionState(topicName='__consumer_offsets', partitionIndex=10, controllerEpoch=1, leader=1, leaderEpoch=0, isr=[1], zkVersion=0, replicas=[1], addingReplicas=[], removingReplicas=[], isNew=true) correlation id 4 from controller 0 epoch 1 (state.change.logger)
[2020-03-10 14:14:55,350] TRACE [Broker id=2] Received LeaderAndIsr request LeaderAndIsrPartitionState(topicName='__consumer_offsets', partitionIndex=44, controllerEpoch=1, leader=2, leaderEpoch=0, isr=[2], zkVersion=0, replicas=[2], addingReplicas=[], removingReplicas=[], isNew=true) correlation id 3 from controller 0 epoch 1 (state.change.logger)
[2020-03-10 14:14:55,350] TRACE [Broker id=1] Received LeaderAndIsr request LeaderAndIsrPartitionState(topicName='__consumer_offsets', partitionIndex=37, controllerEpoch=1, leader=1, leaderEpoch=0, isr=[1], zkVersion=0, replicas=[1], addingReplicas=[], removingReplicas=[], isNew=true) correlation id 4 from controller 0 epoch 1 (state.change.logger)
[2020-03-10 14:14:55,350] TRACE [Broker id=2] Received LeaderAndIsr request LeaderAndIsrPartitionState(topicName='__consumer_offsets', partitionIndex=47, controllerEpoch=1, leader=2, leaderEpoch=0, isr=[2], zkVersion=0, replicas=[2], addingReplicas=[], removingReplicas=[], isNew=true) correlation id 3 from controller 0 epoch 1 (state.change.logger)
[2020-03-10 14:14:55,350] TRACE [Broker id=1] Received LeaderAndIsr request LeaderAndIsrPartitionState(topicName='__consumer_offsets', partitionIndex=40, controllerEpoch=1, leader=1, leaderEpoch=0, isr=[1], zkVersion=0, replicas=[1], addingReplicas=[], removingReplicas=[], isNew=true) correlation id 4 from controller 0 epoch 1 (state.change.logger)
[2020-03-10 14:14:55,350] TRACE [Broker id=2] Received LeaderAndIsr request LeaderAndIsrPartitionState(topicName='__consumer_offsets', partitionIndex=14, controllerEpoch=1, leader=2, leaderEpoch=0, isr=[2], zkVersion=0, replicas=[2], addingReplicas=[], removingReplicas=[], isNew=true) correlation id 3 from controller 0 epoch 1 (state.change.logger)
[2020-03-10 14:14:55,350] TRACE [Broker id=1] Received LeaderAndIsr request LeaderAndIsrPartitionState(topicName='__consumer_offsets', partitionIndex=7, controllerEpoch=1, leader=1, leaderEpoch=0, isr=[1], zkVersion=0, replicas=[1], addingReplicas=[], removingReplicas=[], isNew=true) correlation id 4 from controller 0 epoch 1 (state.change.logger)
[2020-03-10 14:14:55,350] TRACE [Broker id=2] Received LeaderAndIsr request LeaderAndIsrPartitionState(topicName='__consumer_offsets', partitionIndex=41, controllerEpoch=1, leader=2, leaderEpoch=0, isr=[2], zkVersion=0, replicas=[2], addingReplicas=[], removingReplicas=[], isNew=true) correlation id 3 from controller 0 epoch 1 (state.change.logger)
[2020-03-10 14:14:55,350] TRACE [Broker id=1] Received LeaderAndIsr request LeaderAndIsrPartitionState(topicName='__consumer_offsets', partitionIndex=34, controllerEpoch=1, leader=1, leaderEpoch=0, isr=[1], zkVersion=0, replicas=[1], addingReplicas=[], removingReplicas=[], isNew=true) correlation id 4 from controller 0 epoch 1 (state.change.logger)
[2020-03-10 14:14:55,350] TRACE [Broker id=2] Received LeaderAndIsr request LeaderAndIsrPartitionState(topicName='__consumer_offsets', partitionIndex=11, controllerEpoch=1, leader=2, leaderEpoch=0, isr=[2], zkVersion=0, replicas=[2], addingReplicas=[], removingReplicas=[], isNew=true) correlation id 3 from controller 0 epoch 1 (state.change.logger)
[2020-03-10 14:14:55,350] TRACE [Broker id=1] Received LeaderAndIsr request LeaderAndIsrPartitionState(topicName='__consumer_offsets', partitionIndex=4, controllerEpoch=1, leader=1, leaderEpoch=0, isr=[1], zkVersion=0, replicas=[1], addingReplicas=[], removingReplicas=[], isNew=true) correlation id 4 from controller 0 epoch 1 (state.change.logger)
[2020-03-10 14:14:55,350] TRACE [Broker id=1] Received LeaderAndIsr request LeaderAndIsrPartitionState(topicName='__consumer_offsets', partitionIndex=31, controllerEpoch=1, leader=1, leaderEpoch=0, isr=[1], zkVersion=0, replicas=[1], addingReplicas=[], removingReplicas=[], isNew=true) correlation id 4 from controller 0 epoch 1 (state.change.logger)
[2020-03-10 14:14:55,350] TRACE [Broker id=1] Received LeaderAndIsr request LeaderAndIsrPartitionState(topicName='__consumer_offsets', partitionIndex=1, controllerEpoch=1, leader=1, leaderEpoch=0, isr=[1], zkVersion=0, replicas=[1], addingReplicas=[], removingReplicas=[], isNew=true) correlation id 4 from controller 0 epoch 1 (state.change.logger)
[2020-03-10 14:14:55,350] TRACE [Broker id=1] Received LeaderAndIsr request LeaderAndIsrPartitionState(topicName='__consumer_offsets', partitionIndex=28, controllerEpoch=1, leader=1, leaderEpoch=0, isr=[1], zkVersion=0, replicas=[1], addingReplicas=[], removingReplicas=[], isNew=true) correlation id 4 from controller 0 epoch 1 (state.change.logger)
[2020-03-10 14:14:55,350] TRACE [Broker id=1] Received LeaderAndIsr request LeaderAndIsrPartitionState(topicName='__consumer_offsets', partitionIndex=25, controllerEpoch=1, leader=1, leaderEpoch=0, isr=[1], zkVersion=0, replicas=[1], addingReplicas=[], removingReplicas=[], isNew=true) correlation id 4 from controller 0 epoch 1 (state.change.logger)
[2020-03-10 14:14:55,350] TRACE [Broker id=1] Received LeaderAndIsr request LeaderAndIsrPartitionState(topicName='__consumer_offsets', partitionIndex=22, controllerEpoch=1, leader=1, leaderEpoch=0, isr=[1], zkVersion=0, replicas=[1], addingReplicas=[], removingReplicas=[], isNew=true) correlation id 4 from controller 0 epoch 1 (state.change.logger)
[2020-03-10 14:14:55,365] TRACE [Broker id=2] Handling LeaderAndIsr request correlationId 3 from controller 0 epoch 1 starting the become-leader transition for partition __consumer_offsets-29 (state.change.logger)
[2020-03-10 14:14:55,365] TRACE [Broker id=2] Handling LeaderAndIsr request correlationId 3 from controller 0 epoch 1 starting the become-leader transition for partition __consumer_offsets-26 (state.change.logger)
[2020-03-10 14:14:55,365] TRACE [Broker id=2] Handling LeaderAndIsr request correlationId 3 from controller 0 epoch 1 starting the become-leader transition for partition __consumer_offsets-23 (state.change.logger)
[2020-03-10 14:14:55,365] TRACE [Broker id=2] Handling LeaderAndIsr request correlationId 3 from controller 0 epoch 1 starting the become-leader transition for partition __consumer_offsets-20 (state.change.logger)
[2020-03-10 14:14:55,365] TRACE [Broker id=2] Handling LeaderAndIsr request correlationId 3 from controller 0 epoch 1 starting the become-leader transition for partition __consumer_offsets-17 (state.change.logger)
[2020-03-10 14:14:55,365] TRACE [Broker id=2] Handling LeaderAndIsr request correlationId 3 from controller 0 epoch 1 starting the become-leader transition for partition __consumer_offsets-14 (state.change.logger)
[2020-03-10 14:14:55,365] TRACE [Broker id=2] Handling LeaderAndIsr request correlationId 3 from controller 0 epoch 1 starting the become-leader transition for partition __consumer_offsets-11 (state.change.logger)
[2020-03-10 14:14:55,365] TRACE [Broker id=2] Handling LeaderAndIsr request correlationId 3 from controller 0 epoch 1 starting the become-leader transition for partition __consumer_offsets-8 (state.change.logger)
[2020-03-10 14:14:55,365] TRACE [Broker id=2] Handling LeaderAndIsr request correlationId 3 from controller 0 epoch 1 starting the become-leader transition for partition __consumer_offsets-5 (state.change.logger)
[2020-03-10 14:14:55,365] TRACE [Broker id=2] Handling LeaderAndIsr request correlationId 3 from controller 0 epoch 1 starting the become-leader transition for partition __consumer_offsets-2 (state.change.logger)
[2020-03-10 14:14:55,365] TRACE [Broker id=2] Handling LeaderAndIsr request correlationId 3 from controller 0 epoch 1 starting the become-leader transition for partition __consumer_offsets-47 (state.change.logger)
[2020-03-10 14:14:55,365] TRACE [Broker id=2] Handling LeaderAndIsr request correlationId 3 from controller 0 epoch 1 starting the become-leader transition for partition __consumer_offsets-38 (state.change.logger)
[2020-03-10 14:14:55,365] TRACE [Broker id=2] Handling LeaderAndIsr request correlationId 3 from controller 0 epoch 1 starting the become-leader transition for partition __consumer_offsets-35 (state.change.logger)
[2020-03-10 14:14:55,365] TRACE [Broker id=2] Handling LeaderAndIsr request correlationId 3 from controller 0 epoch 1 starting the become-leader transition for partition __consumer_offsets-44 (state.change.logger)
[2020-03-10 14:14:55,365] TRACE [Broker id=2] Handling LeaderAndIsr request correlationId 3 from controller 0 epoch 1 starting the become-leader transition for partition __consumer_offsets-32 (state.change.logger)
[2020-03-10 14:14:55,365] TRACE [Broker id=2] Handling LeaderAndIsr request correlationId 3 from controller 0 epoch 1 starting the become-leader transition for partition __consumer_offsets-41 (state.change.logger)
[2020-03-10 14:14:55,368] TRACE [Broker id=1] Handling LeaderAndIsr request correlationId 4 from controller 0 epoch 1 starting the become-leader transition for partition __consumer_offsets-10 (state.change.logger)
[2020-03-10 14:14:55,368] TRACE [Broker id=1] Handling LeaderAndIsr request correlationId 4 from controller 0 epoch 1 starting the become-leader transition for partition __consumer_offsets-7 (state.change.logger)
[2020-03-10 14:14:55,368] TRACE [Broker id=1] Handling LeaderAndIsr request correlationId 4 from controller 0 epoch 1 starting the become-leader transition for partition __consumer_offsets-4 (state.change.logger)
[2020-03-10 14:14:55,368] TRACE [Broker id=1] Handling LeaderAndIsr request correlationId 4 from controller 0 epoch 1 starting the become-leader transition for partition __consumer_offsets-1 (state.change.logger)
[2020-03-10 14:14:55,368] TRACE [Broker id=1] Handling LeaderAndIsr request correlationId 4 from controller 0 epoch 1 starting the become-leader transition for partition __consumer_offsets-49 (state.change.logger)
[2020-03-10 14:14:55,368] TRACE [Broker id=1] Handling LeaderAndIsr request correlationId 4 from controller 0 epoch 1 starting the become-leader transition for partition __consumer_offsets-46 (state.change.logger)
[2020-03-10 14:14:55,368] TRACE [Broker id=1] Handling LeaderAndIsr request correlationId 4 from controller 0 epoch 1 starting the become-leader transition for partition __consumer_offsets-43 (state.change.logger)
[2020-03-10 14:14:55,368] TRACE [Broker id=1] Handling LeaderAndIsr request correlationId 4 from controller 0 epoch 1 starting the become-leader transition for partition __consumer_offsets-40 (state.change.logger)
[2020-03-10 14:14:55,368] TRACE [Broker id=1] Handling LeaderAndIsr request correlationId 4 from controller 0 epoch 1 starting the become-leader transition for partition __consumer_offsets-37 (state.change.logger)
[2020-03-10 14:14:55,368] TRACE [Broker id=1] Handling LeaderAndIsr request correlationId 4 from controller 0 epoch 1 starting the become-leader transition for partition __consumer_offsets-34 (state.change.logger)
[2020-03-10 14:14:55,368] TRACE [Broker id=1] Handling LeaderAndIsr request correlationId 4 from controller 0 epoch 1 starting the become-leader transition for partition __consumer_offsets-31 (state.change.logger)
[2020-03-10 14:14:55,368] TRACE [Broker id=1] Handling LeaderAndIsr request correlationId 4 from controller 0 epoch 1 starting the become-leader transition for partition __consumer_offsets-19 (state.change.logger)
[2020-03-10 14:14:55,368] TRACE [Broker id=1] Handling LeaderAndIsr request correlationId 4 from controller 0 epoch 1 starting the become-leader transition for partition __consumer_offsets-28 (state.change.logger)
[2020-03-10 14:14:55,368] TRACE [Broker id=1] Handling LeaderAndIsr request correlationId 4 from controller 0 epoch 1 starting the become-leader transition for partition __consumer_offsets-16 (state.change.logger)
[2020-03-10 14:14:55,368] TRACE [Broker id=1] Handling LeaderAndIsr request correlationId 4 from controller 0 epoch 1 starting the become-leader transition for partition __consumer_offsets-25 (state.change.logger)
[2020-03-10 14:14:55,368] TRACE [Broker id=1] Handling LeaderAndIsr request correlationId 4 from controller 0 epoch 1 starting the become-leader transition for partition __consumer_offsets-22 (state.change.logger)
[2020-03-10 14:14:55,368] TRACE [Broker id=1] Handling LeaderAndIsr request correlationId 4 from controller 0 epoch 1 starting the become-leader transition for partition __consumer_offsets-13 (state.change.logger)
[2020-03-10 14:14:55,380] TRACE [Broker id=2] Stopped fetchers as part of become-leader request from controller 0 epoch 1 with correlation id 3 for partition __consumer_offsets-29 (last update controller epoch 1) (state.change.logger)
[2020-03-10 14:14:55,387] TRACE [Broker id=1] Stopped fetchers as part of become-leader request from controller 0 epoch 1 with correlation id 4 for partition __consumer_offsets-10 (last update controller epoch 1) (state.change.logger)
[2020-03-10 14:14:55,388] TRACE [Broker id=2] Stopped fetchers as part of become-leader request from controller 0 epoch 1 with correlation id 3 for partition __consumer_offsets-26 (last update controller epoch 1) (state.change.logger)
[2020-03-10 14:14:55,395] TRACE [Broker id=1] Stopped fetchers as part of become-leader request from controller 0 epoch 1 with correlation id 4 for partition __consumer_offsets-7 (last update controller epoch 1) (state.change.logger)
[2020-03-10 14:14:55,396] TRACE [Broker id=2] Stopped fetchers as part of become-leader request from controller 0 epoch 1 with correlation id 3 for partition __consumer_offsets-23 (last update controller epoch 1) (state.change.logger)
[2020-03-10 14:14:55,401] TRACE [Broker id=1] Stopped fetchers as part of become-leader request from controller 0 epoch 1 with correlation id 4 for partition __consumer_offsets-4 (last update controller epoch 1) (state.change.logger)
[2020-03-10 14:14:55,403] TRACE [Broker id=2] Stopped fetchers as part of become-leader request from controller 0 epoch 1 with correlation id 3 for partition __consumer_offsets-20 (last update controller epoch 1) (state.change.logger)
[2020-03-10 14:14:55,408] TRACE [Broker id=1] Stopped fetchers as part of become-leader request from controller 0 epoch 1 with correlation id 4 for partition __consumer_offsets-1 (last update controller epoch 1) (state.change.logger)
[2020-03-10 14:14:55,411] TRACE [Broker id=2] Stopped fetchers as part of become-leader request from controller 0 epoch 1 with correlation id 3 for partition __consumer_offsets-17 (last update controller epoch 1) (state.change.logger)
[2020-03-10 14:14:55,414] TRACE [Broker id=1] Stopped fetchers as part of become-leader request from controller 0 epoch 1 with correlation id 4 for partition __consumer_offsets-49 (last update controller epoch 1) (state.change.logger)
[2020-03-10 14:14:55,419] TRACE [Broker id=2] Stopped fetchers as part of become-leader request from controller 0 epoch 1 with correlation id 3 for partition __consumer_offsets-14 (last update controller epoch 1) (state.change.logger)
[2020-03-10 14:14:55,420] TRACE [Broker id=1] Stopped fetchers as part of become-leader request from controller 0 epoch 1 with correlation id 4 for partition __consumer_offsets-46 (last update controller epoch 1) (state.change.logger)
[2020-03-10 14:14:55,427] TRACE [Broker id=2] Stopped fetchers as part of become-leader request from controller 0 epoch 1 with correlation id 3 for partition __consumer_offsets-11 (last update controller epoch 1) (state.change.logger)
[2020-03-10 14:14:55,427] TRACE [Broker id=1] Stopped fetchers as part of become-leader request from controller 0 epoch 1 with correlation id 4 for partition __consumer_offsets-43 (last update controller epoch 1) (state.change.logger)
[2020-03-10 14:14:55,433] TRACE [Broker id=1] Stopped fetchers as part of become-leader request from controller 0 epoch 1 with correlation id 4 for partition __consumer_offsets-40 (last update controller epoch 1) (state.change.logger)
[2020-03-10 14:14:55,435] TRACE [Broker id=2] Stopped fetchers as part of become-leader request from controller 0 epoch 1 with correlation id 3 for partition __consumer_offsets-8 (last update controller epoch 1) (state.change.logger)
[2020-03-10 14:14:55,441] TRACE [Broker id=2] Stopped fetchers as part of become-leader request from controller 0 epoch 1 with correlation id 3 for partition __consumer_offsets-5 (last update controller epoch 1) (state.change.logger)
[2020-03-10 14:14:55,444] TRACE [Broker id=1] Stopped fetchers as part of become-leader request from controller 0 epoch 1 with correlation id 4 for partition __consumer_offsets-37 (last update controller epoch 1) (state.change.logger)
[2020-03-10 14:14:55,448] TRACE [Broker id=2] Stopped fetchers as part of become-leader request from controller 0 epoch 1 with correlation id 3 for partition __consumer_offsets-2 (last update controller epoch 1) (state.change.logger)
[2020-03-10 14:14:55,451] TRACE [Broker id=1] Stopped fetchers as part of become-leader request from controller 0 epoch 1 with correlation id 4 for partition __consumer_offsets-34 (last update controller epoch 1) (state.change.logger)
[2020-03-10 14:14:55,453] TRACE [Broker id=2] Stopped fetchers as part of become-leader request from controller 0 epoch 1 with correlation id 3 for partition __consumer_offsets-47 (last update controller epoch 1) (state.change.logger)
[2020-03-10 14:14:55,459] TRACE [Broker id=1] Stopped fetchers as part of become-leader request from controller 0 epoch 1 with correlation id 4 for partition __consumer_offsets-31 (last update controller epoch 1) (state.change.logger)
[2020-03-10 14:14:55,460] TRACE [Broker id=2] Stopped fetchers as part of become-leader request from controller 0 epoch 1 with correlation id 3 for partition __consumer_offsets-38 (last update controller epoch 1) (state.change.logger)
[2020-03-10 14:14:55,464] TRACE [Broker id=1] Stopped fetchers as part of become-leader request from controller 0 epoch 1 with correlation id 4 for partition __consumer_offsets-19 (last update controller epoch 1) (state.change.logger)
[2020-03-10 14:14:55,466] TRACE [Broker id=2] Stopped fetchers as part of become-leader request from controller 0 epoch 1 with correlation id 3 for partition __consumer_offsets-35 (last update controller epoch 1) (state.change.logger)
[2020-03-10 14:14:55,471] TRACE [Broker id=1] Stopped fetchers as part of become-leader request from controller 0 epoch 1 with correlation id 4 for partition __consumer_offsets-28 (last update controller epoch 1) (state.change.logger)
[2020-03-10 14:14:55,471] TRACE [Broker id=2] Stopped fetchers as part of become-leader request from controller 0 epoch 1 with correlation id 3 for partition __consumer_offsets-44 (last update controller epoch 1) (state.change.logger)
[2020-03-10 14:14:55,477] TRACE [Broker id=2] Stopped fetchers as part of become-leader request from controller 0 epoch 1 with correlation id 3 for partition __consumer_offsets-32 (last update controller epoch 1) (state.change.logger)
[2020-03-10 14:14:55,477] TRACE [Broker id=1] Stopped fetchers as part of become-leader request from controller 0 epoch 1 with correlation id 4 for partition __consumer_offsets-16 (last update controller epoch 1) (state.change.logger)
[2020-03-10 14:14:55,482] TRACE [Broker id=2] Stopped fetchers as part of become-leader request from controller 0 epoch 1 with correlation id 3 for partition __consumer_offsets-41 (last update controller epoch 1) (state.change.logger)
[2020-03-10 14:14:55,482] TRACE [Broker id=2] Completed LeaderAndIsr request correlationId 3 from controller 0 epoch 1 for the become-leader transition for partition __consumer_offsets-29 (state.change.logger)
[2020-03-10 14:14:55,482] TRACE [Broker id=2] Completed LeaderAndIsr request correlationId 3 from controller 0 epoch 1 for the become-leader transition for partition __consumer_offsets-26 (state.change.logger)
[2020-03-10 14:14:55,482] TRACE [Broker id=2] Completed LeaderAndIsr request correlationId 3 from controller 0 epoch 1 for the become-leader transition for partition __consumer_offsets-23 (state.change.logger)
[2020-03-10 14:14:55,482] TRACE [Broker id=2] Completed LeaderAndIsr request correlationId 3 from controller 0 epoch 1 for the become-leader transition for partition __consumer_offsets-20 (state.change.logger)
[2020-03-10 14:14:55,482] TRACE [Broker id=2] Completed LeaderAndIsr request correlationId 3 from controller 0 epoch 1 for the become-leader transition for partition __consumer_offsets-17 (state.change.logger)
[2020-03-10 14:14:55,482] TRACE [Broker id=2] Completed LeaderAndIsr request correlationId 3 from controller 0 epoch 1 for the become-leader transition for partition __consumer_offsets-14 (state.change.logger)
[2020-03-10 14:14:55,482] TRACE [Broker id=2] Completed LeaderAndIsr request correlationId 3 from controller 0 epoch 1 for the become-leader transition for partition __consumer_offsets-11 (state.change.logger)
[2020-03-10 14:14:55,482] TRACE [Broker id=2] Completed LeaderAndIsr request correlationId 3 from controller 0 epoch 1 for the become-leader transition for partition __consumer_offsets-8 (state.change.logger)
[2020-03-10 14:14:55,482] TRACE [Broker id=2] Completed LeaderAndIsr request correlationId 3 from controller 0 epoch 1 for the become-leader transition for partition __consumer_offsets-5 (state.change.logger)
[2020-03-10 14:14:55,482] TRACE [Broker id=2] Completed LeaderAndIsr request correlationId 3 from controller 0 epoch 1 for the become-leader transition for partition __consumer_offsets-2 (state.change.logger)
[2020-03-10 14:14:55,482] TRACE [Broker id=2] Completed LeaderAndIsr request correlationId 3 from controller 0 epoch 1 for the become-leader transition for partition __consumer_offsets-47 (state.change.logger)
[2020-03-10 14:14:55,482] TRACE [Broker id=2] Completed LeaderAndIsr request correlationId 3 from controller 0 epoch 1 for the become-leader transition for partition __consumer_offsets-38 (state.change.logger)
[2020-03-10 14:14:55,482] TRACE [Broker id=2] Completed LeaderAndIsr request correlationId 3 from controller 0 epoch 1 for the become-leader transition for partition __consumer_offsets-35 (state.change.logger)
[2020-03-10 14:14:55,482] TRACE [Broker id=2] Completed LeaderAndIsr request correlationId 3 from controller 0 epoch 1 for the become-leader transition for partition __consumer_offsets-44 (state.change.logger)
[2020-03-10 14:14:55,482] TRACE [Broker id=2] Completed LeaderAndIsr request correlationId 3 from controller 0 epoch 1 for the become-leader transition for partition __consumer_offsets-32 (state.change.logger)
[2020-03-10 14:14:55,482] TRACE [Broker id=2] Completed LeaderAndIsr request correlationId 3 from controller 0 epoch 1 for the become-leader transition for partition __consumer_offsets-41 (state.change.logger)
[2020-03-10 14:14:55,483] TRACE [Broker id=1] Stopped fetchers as part of become-leader request from controller 0 epoch 1 with correlation id 4 for partition __consumer_offsets-25 (last update controller epoch 1) (state.change.logger)
[2020-03-10 14:14:55,489] TRACE [Broker id=2] Cached leader info UpdateMetadataPartitionState(topicName='__consumer_offsets', partitionIndex=49, controllerEpoch=1, leader=1, leaderEpoch=0, isr=[1], zkVersion=0, replicas=[1], offlineReplicas=[]) for partition __consumer_offsets-49 in response to UpdateMetadata request sent by controller 0 epoch 1 with correlation id 4 (state.change.logger)
[2020-03-10 14:14:55,489] TRACE [Broker id=2] Cached leader info UpdateMetadataPartitionState(topicName='__consumer_offsets', partitionIndex=38, controllerEpoch=1, leader=2, leaderEpoch=0, isr=[2], zkVersion=0, replicas=[2], offlineReplicas=[]) for partition __consumer_offsets-38 in response to UpdateMetadata request sent by controller 0 epoch 1 with correlation id 4 (state.change.logger)
[2020-03-10 14:14:55,489] TRACE [Broker id=2] Cached leader info UpdateMetadataPartitionState(topicName='__consumer_offsets', partitionIndex=16, controllerEpoch=1, leader=1, leaderEpoch=0, isr=[1], zkVersion=0, replicas=[1], offlineReplicas=[]) for partition __consumer_offsets-16 in response to UpdateMetadata request sent by controller 0 epoch 1 with correlation id 4 (state.change.logger)
[2020-03-10 14:14:55,489] TRACE [Broker id=2] Cached leader info UpdateMetadataPartitionState(topicName='__consumer_offsets', partitionIndex=27, controllerEpoch=1, leader=0, leaderEpoch=0, isr=[0], zkVersion=0, replicas=[0], offlineReplicas=[]) for partition __consumer_offsets-27 in response to UpdateMetadata request sent by controller 0 epoch 1 with correlation id 4 (state.change.logger)
[2020-03-10 14:14:55,489] TRACE [Broker id=2] Cached leader info UpdateMetadataPartitionState(topicName='__consumer_offsets', partitionIndex=8, controllerEpoch=1, leader=2, leaderEpoch=0, isr=[2], zkVersion=0, replicas=[2], offlineReplicas=[]) for partition __consumer_offsets-8 in response to UpdateMetadata request sent by controller 0 epoch 1 with correlation id 4 (state.change.logger)
[2020-03-10 14:14:55,489] TRACE [Broker id=2] Cached leader info UpdateMetadataPartitionState(topicName='__consumer_offsets', partitionIndex=19, controllerEpoch=1, leader=1, leaderEpoch=0, isr=[1], zkVersion=0, replicas=[1], offlineReplicas=[]) for partition __consumer_offsets-19 in response to UpdateMetadata request sent by controller 0 epoch 1 with correlation id 4 (state.change.logger)
[2020-03-10 14:14:55,489] TRACE [Broker id=2] Cached leader info UpdateMetadataPartitionState(topicName='__consumer_offsets', partitionIndex=13, controllerEpoch=1, leader=1, leaderEpoch=0, isr=[1], zkVersion=0, replicas=[1], offlineReplicas=[]) for partition __consumer_offsets-13 in response to UpdateMetadata request sent by controller 0 epoch 1 with correlation id 4 (state.change.logger)
[2020-03-10 14:14:55,489] TRACE [Broker id=2] Cached leader info UpdateMetadataPartitionState(topicName='__consumer_offsets', partitionIndex=2, controllerEpoch=1, leader=2, leaderEpoch=0, isr=[2], zkVersion=0, replicas=[2], offlineReplicas=[]) for partition __consumer_offsets-2 in response to UpdateMetadata request sent by controller 0 epoch 1 with correlation id 4 (state.change.logger)
[2020-03-10 14:14:55,489] TRACE [Broker id=2] Cached leader info UpdateMetadataPartitionState(topicName='__consumer_offsets', partitionIndex=46, controllerEpoch=1, leader=1, leaderEpoch=0, isr=[1], zkVersion=0, replicas=[1], offlineReplicas=[]) for partition __consumer_offsets-46 in response to UpdateMetadata request sent by controller 0 epoch 1 with correlation id 4 (state.change.logger)
[2020-03-10 14:14:55,489] TRACE [Broker id=2] Cached leader info UpdateMetadataPartitionState(topicName='__consumer_offsets', partitionIndex=35, controllerEpoch=1, leader=2, leaderEpoch=0, isr=[2], zkVersion=0, replicas=[2], offlineReplicas=[]) for partition __consumer_offsets-35 in response to UpdateMetadata request sent by controller 0 epoch 1 with correlation id 4 (state.change.logger)
[2020-03-10 14:14:55,489] TRACE [Broker id=2] Cached leader info UpdateMetadataPartitionState(topicName='__consumer_offsets', partitionIndex=24, controllerEpoch=1, leader=0, leaderEpoch=0, isr=[0], zkVersion=0, replicas=[0], offlineReplicas=[]) for partition __consumer_offsets-24 in response to UpdateMetadata request sent by controller 0 epoch 1 with correlation id 4 (state.change.logger)
[2020-03-10 14:14:55,489] TRACE [Broker id=2] Cached leader info UpdateMetadataPartitionState(topicName='__consumer_offsets', partitionIndex=5, controllerEpoch=1, leader=2, leaderEpoch=0, isr=[2], zkVersion=0, replicas=[2], offlineReplicas=[]) for partition __consumer_offsets-5 in response to UpdateMetadata request sent by controller 0 epoch 1 with correlation id 4 (state.change.logger)
[2020-03-10 14:14:55,489] TRACE [Broker id=2] Cached leader info UpdateMetadataPartitionState(topicName='__consumer_offsets', partitionIndex=43, controllerEpoch=1, leader=1, leaderEpoch=0, isr=[1], zkVersion=0, replicas=[1], offlineReplicas=[]) for partition __consumer_offsets-43 in response to UpdateMetadata request sent by controller 0 epoch 1 with correlation id 4 (state.change.logger)
[2020-03-10 14:14:55,489] TRACE [Broker id=2] Cached leader info UpdateMetadataPartitionState(topicName='__consumer_offsets', partitionIndex=21, controllerEpoch=1, leader=0, leaderEpoch=0, isr=[0], zkVersion=0, replicas=[0], offlineReplicas=[]) for partition __consumer_offsets-21 in response to UpdateMetadata request sent by controller 0 epoch 1 with correlation id 4 (state.change.logger)
[2020-03-10 14:14:55,489] TRACE [Broker id=2] Cached leader info UpdateMetadataPartitionState(topicName='__consumer_offsets', partitionIndex=32, controllerEpoch=1, leader=2, leaderEpoch=0, isr=[2], zkVersion=0, replicas=[2], offlineReplicas=[]) for partition __consumer_offsets-32 in response to UpdateMetadata request sent by controller 0 epoch 1 with correlation id 4 (state.change.logger)
[2020-03-10 14:14:55,489] TRACE [Broker id=2] Cached leader info UpdateMetadataPartitionState(topicName='__consumer_offsets', partitionIndex=10, controllerEpoch=1, leader=1, leaderEpoch=0, isr=[1], zkVersion=0, replicas=[1], offlineReplicas=[]) for partition __consumer_offsets-10 in response to UpdateMetadata request sent by controller 0 epoch 1 with correlation id 4 (state.change.logger)
[2020-03-10 14:14:55,489] TRACE [Broker id=2] Cached leader info UpdateMetadataPartitionState(topicName='__consumer_offsets', partitionIndex=37, controllerEpoch=1, leader=1, leaderEpoch=0, isr=[1], zkVersion=0, replicas=[1], offlineReplicas=[]) for partition __consumer_offsets-37 in response to UpdateMetadata request sent by controller 0 epoch 1 with correlation id 4 (state.change.logger)
[2020-03-10 14:14:55,489] TRACE [Broker id=2] Cached leader info UpdateMetadataPartitionState(topicName='__consumer_offsets', partitionIndex=48, controllerEpoch=1, leader=0, leaderEpoch=0, isr=[0], zkVersion=0, replicas=[0], offlineReplicas=[]) for partition __consumer_offsets-48 in response to UpdateMetadata request sent by controller 0 epoch 1 with correlation id 4 (state.change.logger)
[2020-03-10 14:14:55,489] TRACE [Broker id=2] Cached leader info UpdateMetadataPartitionState(topicName='__consumer_offsets', partitionIndex=40, controllerEpoch=1, leader=1, leaderEpoch=0, isr=[1], zkVersion=0, replicas=[1], offlineReplicas=[]) for partition __consumer_offsets-40 in response to UpdateMetadata request sent by controller 0 epoch 1 with correlation id 4 (state.change.logger)
[2020-03-10 14:14:55,489] TRACE [Broker id=2] Cached leader info UpdateMetadataPartitionState(topicName='__consumer_offsets', partitionIndex=18, controllerEpoch=1, leader=0, leaderEpoch=0, isr=[0], zkVersion=0, replicas=[0], offlineReplicas=[]) for partition __consumer_offsets-18 in response to UpdateMetadata request sent by controller 0 epoch 1 with correlation id 4 (state.change.logger)
[2020-03-10 14:14:55,489] TRACE [Broker id=2] Cached leader info UpdateMetadataPartitionState(topicName='__consumer_offsets', partitionIndex=29, controllerEpoch=1, leader=2, leaderEpoch=0, isr=[2], zkVersion=0, replicas=[2], offlineReplicas=[]) for partition __consumer_offsets-29 in response to UpdateMetadata request sent by controller 0 epoch 1 with correlation id 4 (state.change.logger)
[2020-03-10 14:14:55,489] TRACE [Broker id=2] Cached leader info UpdateMetadataPartitionState(topicName='__consumer_offsets', partitionIndex=7, controllerEpoch=1, leader=1, leaderEpoch=0, isr=[1], zkVersion=0, replicas=[1], offlineReplicas=[]) for partition __consumer_offsets-7 in response to UpdateMetadata request sent by controller 0 epoch 1 with correlation id 4 (state.change.logger)
[2020-03-10 14:14:55,489] TRACE [Broker id=1] Stopped fetchers as part of become-leader request from controller 0 epoch 1 with correlation id 4 for partition __consumer_offsets-22 (last update controller epoch 1) (state.change.logger)
[2020-03-10 14:14:55,489] TRACE [Broker id=2] Cached leader info UpdateMetadataPartitionState(topicName='__consumer_offsets', partitionIndex=23, controllerEpoch=1, leader=2, leaderEpoch=0, isr=[2], zkVersion=0, replicas=[2], offlineReplicas=[]) for partition __consumer_offsets-23 in response to UpdateMetadata request sent by controller 0 epoch 1 with correlation id 4 (state.change.logger)
[2020-03-10 14:14:55,489] TRACE [Broker id=2] Cached leader info UpdateMetadataPartitionState(topicName='__consumer_offsets', partitionIndex=45, controllerEpoch=1, leader=0, leaderEpoch=0, isr=[0], zkVersion=0, replicas=[0], offlineReplicas=[]) for partition __consumer_offsets-45 in response to UpdateMetadata request sent by controller 0 epoch 1 with correlation id 4 (state.change.logger)
[2020-03-10 14:14:55,489] TRACE [Broker id=2] Cached leader info UpdateMetadataPartitionState(topicName='__consumer_offsets', partitionIndex=34, controllerEpoch=1, leader=1, leaderEpoch=0, isr=[1], zkVersion=0, replicas=[1], offlineReplicas=[]) for partition __consumer_offsets-34 in response to UpdateMetadata request sent by controller 0 epoch 1 with correlation id 4 (state.change.logger)
[2020-03-10 14:14:55,490] TRACE [Broker id=2] Cached leader info UpdateMetadataPartitionState(topicName='__consumer_offsets', partitionIndex=26, controllerEpoch=1, leader=2, leaderEpoch=0, isr=[2], zkVersion=0, replicas=[2], offlineReplicas=[]) for partition __consumer_offsets-26 in response to UpdateMetadata request sent by controller 0 epoch 1 with correlation id 4 (state.change.logger)
[2020-03-10 14:14:55,490] TRACE [Broker id=2] Cached leader info UpdateMetadataPartitionState(topicName='__consumer_offsets', partitionIndex=15, controllerEpoch=1, leader=0, leaderEpoch=0, isr=[0], zkVersion=0, replicas=[0], offlineReplicas=[]) for partition __consumer_offsets-15 in response to UpdateMetadata request sent by controller 0 epoch 1 with correlation id 4 (state.change.logger)
[2020-03-10 14:14:55,490] TRACE [Broker id=2] Cached leader info UpdateMetadataPartitionState(topicName='__consumer_offsets', partitionIndex=4, controllerEpoch=1, leader=1, leaderEpoch=0, isr=[1], zkVersion=0, replicas=[1], offlineReplicas=[]) for partition __consumer_offsets-4 in response to UpdateMetadata request sent by controller 0 epoch 1 with correlation id 4 (state.change.logger)
[2020-03-10 14:14:55,490] TRACE [Broker id=2] Cached leader info UpdateMetadataPartitionState(topicName='__consumer_offsets', partitionIndex=42, controllerEpoch=1, leader=0, leaderEpoch=0, isr=[0], zkVersion=0, replicas=[0], offlineReplicas=[]) for partition __consumer_offsets-42 in response to UpdateMetadata request sent by controller 0 epoch 1 with correlation id 4 (state.change.logger)
[2020-03-10 14:14:55,490] TRACE [Broker id=2] Cached leader info UpdateMetadataPartitionState(topicName='__consumer_offsets', partitionIndex=31, controllerEpoch=1, leader=1, leaderEpoch=0, isr=[1], zkVersion=0, replicas=[1], offlineReplicas=[]) for partition __consumer_offsets-31 in response to UpdateMetadata request sent by controller 0 epoch 1 with correlation id 4 (state.change.logger)
[2020-03-10 14:14:55,490] TRACE [Broker id=2] Cached leader info UpdateMetadataPartitionState(topicName='__consumer_offsets', partitionIndex=9, controllerEpoch=1, leader=0, leaderEpoch=0, isr=[0], zkVersion=0, replicas=[0], offlineReplicas=[]) for partition __consumer_offsets-9 in response to UpdateMetadata request sent by controller 0 epoch 1 with correlation id 4 (state.change.logger)
[2020-03-10 14:14:55,490] TRACE [Broker id=2] Cached leader info UpdateMetadataPartitionState(topicName='__consumer_offsets', partitionIndex=20, controllerEpoch=1, leader=2, leaderEpoch=0, isr=[2], zkVersion=0, replicas=[2], offlineReplicas=[]) for partition __consumer_offsets-20 in response to UpdateMetadata request sent by controller 0 epoch 1 with correlation id 4 (state.change.logger)
[2020-03-10 14:14:55,490] TRACE [Broker id=2] Cached leader info UpdateMetadataPartitionState(topicName='__consumer_offsets', partitionIndex=12, controllerEpoch=1, leader=0, leaderEpoch=0, isr=[0], zkVersion=0, replicas=[0], offlineReplicas=[]) for partition __consumer_offsets-12 in response to UpdateMetadata request sent by controller 0 epoch 1 with correlation id 4 (state.change.logger)
[2020-03-10 14:14:55,490] TRACE [Broker id=2] Cached leader info UpdateMetadataPartitionState(topicName='__consumer_offsets', partitionIndex=1, controllerEpoch=1, leader=1, leaderEpoch=0, isr=[1], zkVersion=0, replicas=[1], offlineReplicas=[]) for partition __consumer_offsets-1 in response to UpdateMetadata request sent by controller 0 epoch 1 with correlation id 4 (state.change.logger)
[2020-03-10 14:14:55,490] TRACE [Broker id=2] Cached leader info UpdateMetadataPartitionState(topicName='__consumer_offsets', partitionIndex=28, controllerEpoch=1, leader=1, leaderEpoch=0, isr=[1], zkVersion=0, replicas=[1], offlineReplicas=[]) for partition __consumer_offsets-28 in response to UpdateMetadata request sent by controller 0 epoch 1 with correlation id 4 (state.change.logger)
[2020-03-10 14:14:55,490] TRACE [Broker id=2] Cached leader info UpdateMetadataPartitionState(topicName='__consumer_offsets', partitionIndex=17, controllerEpoch=1, leader=2, leaderEpoch=0, isr=[2], zkVersion=0, replicas=[2], offlineReplicas=[]) for partition __consumer_offsets-17 in response to UpdateMetadata request sent by controller 0 epoch 1 with correlation id 4 (state.change.logger)
[2020-03-10 14:14:55,491] TRACE [Broker id=2] Cached leader info UpdateMetadataPartitionState(topicName='__consumer_offsets', partitionIndex=6, controllerEpoch=1, leader=0, leaderEpoch=0, isr=[0], zkVersion=0, replicas=[0], offlineReplicas=[]) for partition __consumer_offsets-6 in response to UpdateMetadata request sent by controller 0 epoch 1 with correlation id 4 (state.change.logger)
[2020-03-10 14:14:55,491] TRACE [Broker id=2] Cached leader info UpdateMetadataPartitionState(topicName='__consumer_offsets', partitionIndex=39, controllerEpoch=1, leader=0, leaderEpoch=0, isr=[0], zkVersion=0, replicas=[0], offlineReplicas=[]) for partition __consumer_offsets-39 in response to UpdateMetadata request sent by controller 0 epoch 1 with correlation id 4 (state.change.logger)
[2020-03-10 14:14:55,491] TRACE [Broker id=2] Cached leader info UpdateMetadataPartitionState(topicName='__consumer_offsets', partitionIndex=44, controllerEpoch=1, leader=2, leaderEpoch=0, isr=[2], zkVersion=0, replicas=[2], offlineReplicas=[]) for partition __consumer_offsets-44 in response to UpdateMetadata request sent by controller 0 epoch 1 with correlation id 4 (state.change.logger)
[2020-03-10 14:14:55,491] TRACE [Broker id=2] Cached leader info UpdateMetadataPartitionState(topicName='__consumer_offsets', partitionIndex=36, controllerEpoch=1, leader=0, leaderEpoch=0, isr=[0], zkVersion=0, replicas=[0], offlineReplicas=[]) for partition __consumer_offsets-36 in response to UpdateMetadata request sent by controller 0 epoch 1 with correlation id 4 (state.change.logger)
[2020-03-10 14:14:55,491] TRACE [Broker id=2] Cached leader info UpdateMetadataPartitionState(topicName='__consumer_offsets', partitionIndex=47, controllerEpoch=1, leader=2, leaderEpoch=0, isr=[2], zkVersion=0, replicas=[2], offlineReplicas=[]) for partition __consumer_offsets-47 in response to UpdateMetadata request sent by controller 0 epoch 1 with correlation id 4 (state.change.logger)
[2020-03-10 14:14:55,491] TRACE [Broker id=2] Cached leader info UpdateMetadataPartitionState(topicName='__consumer_offsets', partitionIndex=3, controllerEpoch=1, leader=0, leaderEpoch=0, isr=[0], zkVersion=0, replicas=[0], offlineReplicas=[]) for partition __consumer_offsets-3 in response to UpdateMetadata request sent by controller 0 epoch 1 with correlation id 4 (state.change.logger)
[2020-03-10 14:14:55,491] TRACE [Broker id=2] Cached leader info UpdateMetadataPartitionState(topicName='__consumer_offsets', partitionIndex=25, controllerEpoch=1, leader=1, leaderEpoch=0, isr=[1], zkVersion=0, replicas=[1], offlineReplicas=[]) for partition __consumer_offsets-25 in response to UpdateMetadata request sent by controller 0 epoch 1 with correlation id 4 (state.change.logger)
[2020-03-10 14:14:55,491] TRACE [Broker id=2] Cached leader info UpdateMetadataPartitionState(topicName='__consumer_offsets', partitionIndex=14, controllerEpoch=1, leader=2, leaderEpoch=0, isr=[2], zkVersion=0, replicas=[2], offlineReplicas=[]) for partition __consumer_offsets-14 in response to UpdateMetadata request sent by controller 0 epoch 1 with correlation id 4 (state.change.logger)
[2020-03-10 14:14:55,491] TRACE [Broker id=2] Cached leader info UpdateMetadataPartitionState(topicName='__consumer_offsets', partitionIndex=30, controllerEpoch=1, leader=0, leaderEpoch=0, isr=[0], zkVersion=0, replicas=[0], offlineReplicas=[]) for partition __consumer_offsets-30 in response to UpdateMetadata request sent by controller 0 epoch 1 with correlation id 4 (state.change.logger)
[2020-03-10 14:14:55,491] TRACE [Broker id=2] Cached leader info UpdateMetadataPartitionState(topicName='__consumer_offsets', partitionIndex=41, controllerEpoch=1, leader=2, leaderEpoch=0, isr=[2], zkVersion=0, replicas=[2], offlineReplicas=[]) for partition __consumer_offsets-41 in response to UpdateMetadata request sent by controller 0 epoch 1 with correlation id 4 (state.change.logger)
[2020-03-10 14:14:55,491] TRACE [Broker id=2] Cached leader info UpdateMetadataPartitionState(topicName='__consumer_offsets', partitionIndex=22, controllerEpoch=1, leader=1, leaderEpoch=0, isr=[1], zkVersion=0, replicas=[1], offlineReplicas=[]) for partition __consumer_offsets-22 in response to UpdateMetadata request sent by controller 0 epoch 1 with correlation id 4 (state.change.logger)
[2020-03-10 14:14:55,491] TRACE [Broker id=2] Cached leader info UpdateMetadataPartitionState(topicName='__consumer_offsets', partitionIndex=33, controllerEpoch=1, leader=0, leaderEpoch=0, isr=[0], zkVersion=0, replicas=[0], offlineReplicas=[]) for partition __consumer_offsets-33 in response to UpdateMetadata request sent by controller 0 epoch 1 with correlation id 4 (state.change.logger)
[2020-03-10 14:14:55,491] TRACE [Broker id=2] Cached leader info UpdateMetadataPartitionState(topicName='__consumer_offsets', partitionIndex=11, controllerEpoch=1, leader=2, leaderEpoch=0, isr=[2], zkVersion=0, replicas=[2], offlineReplicas=[]) for partition __consumer_offsets-11 in response to UpdateMetadata request sent by controller 0 epoch 1 with correlation id 4 (state.change.logger)
[2020-03-10 14:14:55,491] TRACE [Broker id=2] Cached leader info UpdateMetadataPartitionState(topicName='__consumer_offsets', partitionIndex=0, controllerEpoch=1, leader=0, leaderEpoch=0, isr=[0], zkVersion=0, replicas=[0], offlineReplicas=[]) for partition __consumer_offsets-0 in response to UpdateMetadata request sent by controller 0 epoch 1 with correlation id 4 (state.change.logger)
[2020-03-10 14:14:55,495] TRACE [Broker id=1] Stopped fetchers as part of become-leader request from controller 0 epoch 1 with correlation id 4 for partition __consumer_offsets-13 (last update controller epoch 1) (state.change.logger)
[2020-03-10 14:14:55,496] TRACE [Broker id=1] Completed LeaderAndIsr request correlationId 4 from controller 0 epoch 1 for the become-leader transition for partition __consumer_offsets-10 (state.change.logger)
[2020-03-10 14:14:55,496] TRACE [Broker id=1] Completed LeaderAndIsr request correlationId 4 from controller 0 epoch 1 for the become-leader transition for partition __consumer_offsets-7 (state.change.logger)
[2020-03-10 14:14:55,496] TRACE [Broker id=1] Completed LeaderAndIsr request correlationId 4 from controller 0 epoch 1 for the become-leader transition for partition __consumer_offsets-4 (state.change.logger)
[2020-03-10 14:14:55,496] TRACE [Broker id=1] Completed LeaderAndIsr request correlationId 4 from controller 0 epoch 1 for the become-leader transition for partition __consumer_offsets-1 (state.change.logger)
[2020-03-10 14:14:55,496] TRACE [Broker id=1] Completed LeaderAndIsr request correlationId 4 from controller 0 epoch 1 for the become-leader transition for partition __consumer_offsets-49 (state.change.logger)
[2020-03-10 14:14:55,496] TRACE [Broker id=1] Completed LeaderAndIsr request correlationId 4 from controller 0 epoch 1 for the become-leader transition for partition __consumer_offsets-46 (state.change.logger)
[2020-03-10 14:14:55,496] TRACE [Broker id=1] Completed LeaderAndIsr request correlationId 4 from controller 0 epoch 1 for the become-leader transition for partition __consumer_offsets-43 (state.change.logger)
[2020-03-10 14:14:55,496] TRACE [Broker id=1] Completed LeaderAndIsr request correlationId 4 from controller 0 epoch 1 for the become-leader transition for partition __consumer_offsets-40 (state.change.logger)
[2020-03-10 14:14:55,496] TRACE [Broker id=1] Completed LeaderAndIsr request correlationId 4 from controller 0 epoch 1 for the become-leader transition for partition __consumer_offsets-37 (state.change.logger)
[2020-03-10 14:14:55,496] TRACE [Broker id=1] Completed LeaderAndIsr request correlationId 4 from controller 0 epoch 1 for the become-leader transition for partition __consumer_offsets-34 (state.change.logger)
[2020-03-10 14:14:55,496] TRACE [Broker id=1] Completed LeaderAndIsr request correlationId 4 from controller 0 epoch 1 for the become-leader transition for partition __consumer_offsets-31 (state.change.logger)
[2020-03-10 14:14:55,496] TRACE [Broker id=1] Completed LeaderAndIsr request correlationId 4 from controller 0 epoch 1 for the become-leader transition for partition __consumer_offsets-19 (state.change.logger)
[2020-03-10 14:14:55,496] TRACE [Broker id=1] Completed LeaderAndIsr request correlationId 4 from controller 0 epoch 1 for the become-leader transition for partition __consumer_offsets-28 (state.change.logger)
[2020-03-10 14:14:55,496] TRACE [Broker id=1] Completed LeaderAndIsr request correlationId 4 from controller 0 epoch 1 for the become-leader transition for partition __consumer_offsets-16 (state.change.logger)
[2020-03-10 14:14:55,496] TRACE [Broker id=1] Completed LeaderAndIsr request correlationId 4 from controller 0 epoch 1 for the become-leader transition for partition __consumer_offsets-25 (state.change.logger)
[2020-03-10 14:14:55,496] TRACE [Broker id=1] Completed LeaderAndIsr request correlationId 4 from controller 0 epoch 1 for the become-leader transition for partition __consumer_offsets-22 (state.change.logger)
[2020-03-10 14:14:55,496] TRACE [Broker id=1] Completed LeaderAndIsr request correlationId 4 from controller 0 epoch 1 for the become-leader transition for partition __consumer_offsets-13 (state.change.logger)
[2020-03-10 14:14:55,501] TRACE [Broker id=1] Cached leader info UpdateMetadataPartitionState(topicName='__consumer_offsets', partitionIndex=49, controllerEpoch=1, leader=1, leaderEpoch=0, isr=[1], zkVersion=0, replicas=[1], offlineReplicas=[]) for partition __consumer_offsets-49 in response to UpdateMetadata request sent by controller 0 epoch 1 with correlation id 5 (state.change.logger)
[2020-03-10 14:14:55,501] TRACE [Broker id=1] Cached leader info UpdateMetadataPartitionState(topicName='__consumer_offsets', partitionIndex=38, controllerEpoch=1, leader=2, leaderEpoch=0, isr=[2], zkVersion=0, replicas=[2], offlineReplicas=[]) for partition __consumer_offsets-38 in response to UpdateMetadata request sent by controller 0 epoch 1 with correlation id 5 (state.change.logger)
[2020-03-10 14:14:55,501] TRACE [Broker id=1] Cached leader info UpdateMetadataPartitionState(topicName='__consumer_offsets', partitionIndex=16, controllerEpoch=1, leader=1, leaderEpoch=0, isr=[1], zkVersion=0, replicas=[1], offlineReplicas=[]) for partition __consumer_offsets-16 in response to UpdateMetadata request sent by controller 0 epoch 1 with correlation id 5 (state.change.logger)
[2020-03-10 14:14:55,501] TRACE [Broker id=1] Cached leader info UpdateMetadataPartitionState(topicName='__consumer_offsets', partitionIndex=27, controllerEpoch=1, leader=0, leaderEpoch=0, isr=[0], zkVersion=0, replicas=[0], offlineReplicas=[]) for partition __consumer_offsets-27 in response to UpdateMetadata request sent by controller 0 epoch 1 with correlation id 5 (state.change.logger)
[2020-03-10 14:14:55,501] TRACE [Broker id=1] Cached leader info UpdateMetadataPartitionState(topicName='__consumer_offsets', partitionIndex=8, controllerEpoch=1, leader=2, leaderEpoch=0, isr=[2], zkVersion=0, replicas=[2], offlineReplicas=[]) for partition __consumer_offsets-8 in response to UpdateMetadata request sent by controller 0 epoch 1 with correlation id 5 (state.change.logger)
[2020-03-10 14:14:55,501] TRACE [Broker id=1] Cached leader info UpdateMetadataPartitionState(topicName='__consumer_offsets', partitionIndex=19, controllerEpoch=1, leader=1, leaderEpoch=0, isr=[1], zkVersion=0, replicas=[1], offlineReplicas=[]) for partition __consumer_offsets-19 in response to UpdateMetadata request sent by controller 0 epoch 1 with correlation id 5 (state.change.logger)
[2020-03-10 14:14:55,501] TRACE [Broker id=1] Cached leader info UpdateMetadataPartitionState(topicName='__consumer_offsets', partitionIndex=13, controllerEpoch=1, leader=1, leaderEpoch=0, isr=[1], zkVersion=0, replicas=[1], offlineReplicas=[]) for partition __consumer_offsets-13 in response to UpdateMetadata request sent by controller 0 epoch 1 with correlation id 5 (state.change.logger)
[2020-03-10 14:14:55,501] TRACE [Broker id=1] Cached leader info UpdateMetadataPartitionState(topicName='__consumer_offsets', partitionIndex=2, controllerEpoch=1, leader=2, leaderEpoch=0, isr=[2], zkVersion=0, replicas=[2], offlineReplicas=[]) for partition __consumer_offsets-2 in response to UpdateMetadata request sent by controller 0 epoch 1 with correlation id 5 (state.change.logger)
[2020-03-10 14:14:55,501] TRACE [Broker id=1] Cached leader info UpdateMetadataPartitionState(topicName='__consumer_offsets', partitionIndex=46, controllerEpoch=1, leader=1, leaderEpoch=0, isr=[1], zkVersion=0, replicas=[1], offlineReplicas=[]) for partition __consumer_offsets-46 in response to UpdateMetadata request sent by controller 0 epoch 1 with correlation id 5 (state.change.logger)
[2020-03-10 14:14:55,502] TRACE [Broker id=1] Cached leader info UpdateMetadataPartitionState(topicName='__consumer_offsets', partitionIndex=35, controllerEpoch=1, leader=2, leaderEpoch=0, isr=[2], zkVersion=0, replicas=[2], offlineReplicas=[]) for partition __consumer_offsets-35 in response to UpdateMetadata request sent by controller 0 epoch 1 with correlation id 5 (state.change.logger)
[2020-03-10 14:14:55,502] TRACE [Broker id=1] Cached leader info UpdateMetadataPartitionState(topicName='__consumer_offsets', partitionIndex=24, controllerEpoch=1, leader=0, leaderEpoch=0, isr=[0], zkVersion=0, replicas=[0], offlineReplicas=[]) for partition __consumer_offsets-24 in response to UpdateMetadata request sent by controller 0 epoch 1 with correlation id 5 (state.change.logger)
[2020-03-10 14:14:55,502] TRACE [Broker id=1] Cached leader info UpdateMetadataPartitionState(topicName='__consumer_offsets', partitionIndex=5, controllerEpoch=1, leader=2, leaderEpoch=0, isr=[2], zkVersion=0, replicas=[2], offlineReplicas=[]) for partition __consumer_offsets-5 in response to UpdateMetadata request sent by controller 0 epoch 1 with correlation id 5 (state.change.logger)
[2020-03-10 14:14:55,502] TRACE [Broker id=1] Cached leader info UpdateMetadataPartitionState(topicName='__consumer_offsets', partitionIndex=43, controllerEpoch=1, leader=1, leaderEpoch=0, isr=[1], zkVersion=0, replicas=[1], offlineReplicas=[]) for partition __consumer_offsets-43 in response to UpdateMetadata request sent by controller 0 epoch 1 with correlation id 5 (state.change.logger)
[2020-03-10 14:14:55,502] TRACE [Broker id=1] Cached leader info UpdateMetadataPartitionState(topicName='__consumer_offsets', partitionIndex=21, controllerEpoch=1, leader=0, leaderEpoch=0, isr=[0], zkVersion=0, replicas=[0], offlineReplicas=[]) for partition __consumer_offsets-21 in response to UpdateMetadata request sent by controller 0 epoch 1 with correlation id 5 (state.change.logger)
[2020-03-10 14:14:55,502] TRACE [Broker id=1] Cached leader info UpdateMetadataPartitionState(topicName='__consumer_offsets', partitionIndex=32, controllerEpoch=1, leader=2, leaderEpoch=0, isr=[2], zkVersion=0, replicas=[2], offlineReplicas=[]) for partition __consumer_offsets-32 in response to UpdateMetadata request sent by controller 0 epoch 1 with correlation id 5 (state.change.logger)
[2020-03-10 14:14:55,502] TRACE [Broker id=1] Cached leader info UpdateMetadataPartitionState(topicName='__consumer_offsets', partitionIndex=10, controllerEpoch=1, leader=1, leaderEpoch=0, isr=[1], zkVersion=0, replicas=[1], offlineReplicas=[]) for partition __consumer_offsets-10 in response to UpdateMetadata request sent by controller 0 epoch 1 with correlation id 5 (state.change.logger)
[2020-03-10 14:14:55,502] TRACE [Broker id=1] Cached leader info UpdateMetadataPartitionState(topicName='__consumer_offsets', partitionIndex=37, controllerEpoch=1, leader=1, leaderEpoch=0, isr=[1], zkVersion=0, replicas=[1], offlineReplicas=[]) for partition __consumer_offsets-37 in response to UpdateMetadata request sent by controller 0 epoch 1 with correlation id 5 (state.change.logger)
[2020-03-10 14:14:55,502] TRACE [Broker id=1] Cached leader info UpdateMetadataPartitionState(topicName='__consumer_offsets', partitionIndex=48, controllerEpoch=1, leader=0, leaderEpoch=0, isr=[0], zkVersion=0, replicas=[0], offlineReplicas=[]) for partition __consumer_offsets-48 in response to UpdateMetadata request sent by controller 0 epoch 1 with correlation id 5 (state.change.logger)
[2020-03-10 14:14:55,502] TRACE [Broker id=1] Cached leader info UpdateMetadataPartitionState(topicName='__consumer_offsets', partitionIndex=40, controllerEpoch=1, leader=1, leaderEpoch=0, isr=[1], zkVersion=0, replicas=[1], offlineReplicas=[]) for partition __consumer_offsets-40 in response to UpdateMetadata request sent by controller 0 epoch 1 with correlation id 5 (state.change.logger)
[2020-03-10 14:14:55,502] TRACE [Broker id=1] Cached leader info UpdateMetadataPartitionState(topicName='__consumer_offsets', partitionIndex=18, controllerEpoch=1, leader=0, leaderEpoch=0, isr=[0], zkVersion=0, replicas=[0], offlineReplicas=[]) for partition __consumer_offsets-18 in response to UpdateMetadata request sent by controller 0 epoch 1 with correlation id 5 (state.change.logger)
[2020-03-10 14:14:55,502] TRACE [Broker id=1] Cached leader info UpdateMetadataPartitionState(topicName='__consumer_offsets', partitionIndex=29, controllerEpoch=1, leader=2, leaderEpoch=0, isr=[2], zkVersion=0, replicas=[2], offlineReplicas=[]) for partition __consumer_offsets-29 in response to UpdateMetadata request sent by controller 0 epoch 1 with correlation id 5 (state.change.logger)
[2020-03-10 14:14:55,502] TRACE [Broker id=1] Cached leader info UpdateMetadataPartitionState(topicName='__consumer_offsets', partitionIndex=7, controllerEpoch=1, leader=1, leaderEpoch=0, isr=[1], zkVersion=0, replicas=[1], offlineReplicas=[]) for partition __consumer_offsets-7 in response to UpdateMetadata request sent by controller 0 epoch 1 with correlation id 5 (state.change.logger)
[2020-03-10 14:14:55,502] TRACE [Broker id=1] Cached leader info UpdateMetadataPartitionState(topicName='__consumer_offsets', partitionIndex=23, controllerEpoch=1, leader=2, leaderEpoch=0, isr=[2], zkVersion=0, replicas=[2], offlineReplicas=[]) for partition __consumer_offsets-23 in response to UpdateMetadata request sent by controller 0 epoch 1 with correlation id 5 (state.change.logger)
[2020-03-10 14:14:55,502] TRACE [Broker id=1] Cached leader info UpdateMetadataPartitionState(topicName='__consumer_offsets', partitionIndex=45, controllerEpoch=1, leader=0, leaderEpoch=0, isr=[0], zkVersion=0, replicas=[0], offlineReplicas=[]) for partition __consumer_offsets-45 in response to UpdateMetadata request sent by controller 0 epoch 1 with correlation id 5 (state.change.logger)
[2020-03-10 14:14:55,502] TRACE [Broker id=1] Cached leader info UpdateMetadataPartitionState(topicName='__consumer_offsets', partitionIndex=34, controllerEpoch=1, leader=1, leaderEpoch=0, isr=[1], zkVersion=0, replicas=[1], offlineReplicas=[]) for partition __consumer_offsets-34 in response to UpdateMetadata request sent by controller 0 epoch 1 with correlation id 5 (state.change.logger)
[2020-03-10 14:14:55,502] TRACE [Broker id=1] Cached leader info UpdateMetadataPartitionState(topicName='__consumer_offsets', partitionIndex=26, controllerEpoch=1, leader=2, leaderEpoch=0, isr=[2], zkVersion=0, replicas=[2], offlineReplicas=[]) for partition __consumer_offsets-26 in response to UpdateMetadata request sent by controller 0 epoch 1 with correlation id 5 (state.change.logger)
[2020-03-10 14:14:55,502] TRACE [Broker id=1] Cached leader info UpdateMetadataPartitionState(topicName='__consumer_offsets', partitionIndex=15, controllerEpoch=1, leader=0, leaderEpoch=0, isr=[0], zkVersion=0, replicas=[0], offlineReplicas=[]) for partition __consumer_offsets-15 in response to UpdateMetadata request sent by controller 0 epoch 1 with correlation id 5 (state.change.logger)
[2020-03-10 14:14:55,502] TRACE [Broker id=1] Cached leader info UpdateMetadataPartitionState(topicName='__consumer_offsets', partitionIndex=4, controllerEpoch=1, leader=1, leaderEpoch=0, isr=[1], zkVersion=0, replicas=[1], offlineReplicas=[]) for partition __consumer_offsets-4 in response to UpdateMetadata request sent by controller 0 epoch 1 with correlation id 5 (state.change.logger)
[2020-03-10 14:14:55,502] TRACE [Broker id=1] Cached leader info UpdateMetadataPartitionState(topicName='__consumer_offsets', partitionIndex=42, controllerEpoch=1, leader=0, leaderEpoch=0, isr=[0], zkVersion=0, replicas=[0], offlineReplicas=[]) for partition __consumer_offsets-42 in response to UpdateMetadata request sent by controller 0 epoch 1 with correlation id 5 (state.change.logger)
[2020-03-10 14:14:55,502] TRACE [Broker id=1] Cached leader info UpdateMetadataPartitionState(topicName='__consumer_offsets', partitionIndex=31, controllerEpoch=1, leader=1, leaderEpoch=0, isr=[1], zkVersion=0, replicas=[1], offlineReplicas=[]) for partition __consumer_offsets-31 in response to UpdateMetadata request sent by controller 0 epoch 1 with correlation id 5 (state.change.logger)
[2020-03-10 14:14:55,502] TRACE [Broker id=1] Cached leader info UpdateMetadataPartitionState(topicName='__consumer_offsets', partitionIndex=9, controllerEpoch=1, leader=0, leaderEpoch=0, isr=[0], zkVersion=0, replicas=[0], offlineReplicas=[]) for partition __consumer_offsets-9 in response to UpdateMetadata request sent by controller 0 epoch 1 with correlation id 5 (state.change.logger)
[2020-03-10 14:14:55,502] TRACE [Broker id=1] Cached leader info UpdateMetadataPartitionState(topicName='__consumer_offsets', partitionIndex=20, controllerEpoch=1, leader=2, leaderEpoch=0, isr=[2], zkVersion=0, replicas=[2], offlineReplicas=[]) for partition __consumer_offsets-20 in response to UpdateMetadata request sent by controller 0 epoch 1 with correlation id 5 (state.change.logger)
[2020-03-10 14:14:55,502] TRACE [Broker id=1] Cached leader info UpdateMetadataPartitionState(topicName='__consumer_offsets', partitionIndex=12, controllerEpoch=1, leader=0, leaderEpoch=0, isr=[0], zkVersion=0, replicas=[0], offlineReplicas=[]) for partition __consumer_offsets-12 in response to UpdateMetadata request sent by controller 0 epoch 1 with correlation id 5 (state.change.logger)
[2020-03-10 14:14:55,502] TRACE [Broker id=1] Cached leader info UpdateMetadataPartitionState(topicName='__consumer_offsets', partitionIndex=1, controllerEpoch=1, leader=1, leaderEpoch=0, isr=[1], zkVersion=0, replicas=[1], offlineReplicas=[]) for partition __consumer_offsets-1 in response to UpdateMetadata request sent by controller 0 epoch 1 with correlation id 5 (state.change.logger)
[2020-03-10 14:14:55,502] TRACE [Broker id=1] Cached leader info UpdateMetadataPartitionState(topicName='__consumer_offsets', partitionIndex=28, controllerEpoch=1, leader=1, leaderEpoch=0, isr=[1], zkVersion=0, replicas=[1], offlineReplicas=[]) for partition __consumer_offsets-28 in response to UpdateMetadata request sent by controller 0 epoch 1 with correlation id 5 (state.change.logger)
[2020-03-10 14:14:55,502] TRACE [Broker id=1] Cached leader info UpdateMetadataPartitionState(topicName='__consumer_offsets', partitionIndex=17, controllerEpoch=1, leader=2, leaderEpoch=0, isr=[2], zkVersion=0, replicas=[2], offlineReplicas=[]) for partition __consumer_offsets-17 in response to UpdateMetadata request sent by controller 0 epoch 1 with correlation id 5 (state.change.logger)
[2020-03-10 14:14:55,502] TRACE [Broker id=1] Cached leader info UpdateMetadataPartitionState(topicName='__consumer_offsets', partitionIndex=6, controllerEpoch=1, leader=0, leaderEpoch=0, isr=[0], zkVersion=0, replicas=[0], offlineReplicas=[]) for partition __consumer_offsets-6 in response to UpdateMetadata request sent by controller 0 epoch 1 with correlation id 5 (state.change.logger)
[2020-03-10 14:14:55,502] TRACE [Broker id=1] Cached leader info UpdateMetadataPartitionState(topicName='__consumer_offsets', partitionIndex=39, controllerEpoch=1, leader=0, leaderEpoch=0, isr=[0], zkVersion=0, replicas=[0], offlineReplicas=[]) for partition __consumer_offsets-39 in response to UpdateMetadata request sent by controller 0 epoch 1 with correlation id 5 (state.change.logger)
[2020-03-10 14:14:55,502] TRACE [Broker id=1] Cached leader info UpdateMetadataPartitionState(topicName='__consumer_offsets', partitionIndex=44, controllerEpoch=1, leader=2, leaderEpoch=0, isr=[2], zkVersion=0, replicas=[2], offlineReplicas=[]) for partition __consumer_offsets-44 in response to UpdateMetadata request sent by controller 0 epoch 1 with correlation id 5 (state.change.logger)
[2020-03-10 14:14:55,503] TRACE [Broker id=1] Cached leader info UpdateMetadataPartitionState(topicName='__consumer_offsets', partitionIndex=36, controllerEpoch=1, leader=0, leaderEpoch=0, isr=[0], zkVersion=0, replicas=[0], offlineReplicas=[]) for partition __consumer_offsets-36 in response to UpdateMetadata request sent by controller 0 epoch 1 with correlation id 5 (state.change.logger)
[2020-03-10 14:14:55,503] TRACE [Broker id=1] Cached leader info UpdateMetadataPartitionState(topicName='__consumer_offsets', partitionIndex=47, controllerEpoch=1, leader=2, leaderEpoch=0, isr=[2], zkVersion=0, replicas=[2], offlineReplicas=[]) for partition __consumer_offsets-47 in response to UpdateMetadata request sent by controller 0 epoch 1 with correlation id 5 (state.change.logger)
[2020-03-10 14:14:55,503] TRACE [Broker id=1] Cached leader info UpdateMetadataPartitionState(topicName='__consumer_offsets', partitionIndex=3, controllerEpoch=1, leader=0, leaderEpoch=0, isr=[0], zkVersion=0, replicas=[0], offlineReplicas=[]) for partition __consumer_offsets-3 in response to UpdateMetadata request sent by controller 0 epoch 1 with correlation id 5 (state.change.logger)
[2020-03-10 14:14:55,503] TRACE [Broker id=1] Cached leader info UpdateMetadataPartitionState(topicName='__consumer_offsets', partitionIndex=25, controllerEpoch=1, leader=1, leaderEpoch=0, isr=[1], zkVersion=0, replicas=[1], offlineReplicas=[]) for partition __consumer_offsets-25 in response to UpdateMetadata request sent by controller 0 epoch 1 with correlation id 5 (state.change.logger)
[2020-03-10 14:14:55,503] TRACE [Broker id=1] Cached leader info UpdateMetadataPartitionState(topicName='__consumer_offsets', partitionIndex=14, controllerEpoch=1, leader=2, leaderEpoch=0, isr=[2], zkVersion=0, replicas=[2], offlineReplicas=[]) for partition __consumer_offsets-14 in response to UpdateMetadata request sent by controller 0 epoch 1 with correlation id 5 (state.change.logger)
[2020-03-10 14:14:55,503] TRACE [Broker id=1] Cached leader info UpdateMetadataPartitionState(topicName='__consumer_offsets', partitionIndex=30, controllerEpoch=1, leader=0, leaderEpoch=0, isr=[0], zkVersion=0, replicas=[0], offlineReplicas=[]) for partition __consumer_offsets-30 in response to UpdateMetadata request sent by controller 0 epoch 1 with correlation id 5 (state.change.logger)
[2020-03-10 14:14:55,503] TRACE [Broker id=1] Cached leader info UpdateMetadataPartitionState(topicName='__consumer_offsets', partitionIndex=41, controllerEpoch=1, leader=2, leaderEpoch=0, isr=[2], zkVersion=0, replicas=[2], offlineReplicas=[]) for partition __consumer_offsets-41 in response to UpdateMetadata request sent by controller 0 epoch 1 with correlation id 5 (state.change.logger)
[2020-03-10 14:14:55,503] TRACE [Broker id=1] Cached leader info UpdateMetadataPartitionState(topicName='__consumer_offsets', partitionIndex=22, controllerEpoch=1, leader=1, leaderEpoch=0, isr=[1], zkVersion=0, replicas=[1], offlineReplicas=[]) for partition __consumer_offsets-22 in response to UpdateMetadata request sent by controller 0 epoch 1 with correlation id 5 (state.change.logger)
[2020-03-10 14:14:55,503] TRACE [Broker id=1] Cached leader info UpdateMetadataPartitionState(topicName='__consumer_offsets', partitionIndex=33, controllerEpoch=1, leader=0, leaderEpoch=0, isr=[0], zkVersion=0, replicas=[0], offlineReplicas=[]) for partition __consumer_offsets-33 in response to UpdateMetadata request sent by controller 0 epoch 1 with correlation id 5 (state.change.logger)
[2020-03-10 14:14:55,503] TRACE [Broker id=1] Cached leader info UpdateMetadataPartitionState(topicName='__consumer_offsets', partitionIndex=11, controllerEpoch=1, leader=2, leaderEpoch=0, isr=[2], zkVersion=0, replicas=[2], offlineReplicas=[]) for partition __consumer_offsets-11 in response to UpdateMetadata request sent by controller 0 epoch 1 with correlation id 5 (state.change.logger)
[2020-03-10 14:14:55,503] TRACE [Broker id=1] Cached leader info UpdateMetadataPartitionState(topicName='__consumer_offsets', partitionIndex=0, controllerEpoch=1, leader=0, leaderEpoch=0, isr=[0], zkVersion=0, replicas=[0], offlineReplicas=[]) for partition __consumer_offsets-0 in response to UpdateMetadata request sent by controller 0 epoch 1 with correlation id 5 (state.change.logger)
